{
  "RSpec": {
    "coverage": {
      "/Users/sagarsingh/Desktop/newproject-master/app/models/user.rb": [
        1,
        1,
        1,
        1,
        null,
        1,
        1,
        null,
        null,
        1,
        null,
        null,
        1,
        11,
        10,
        10,
        null,
        null,
        null,
        null,
        null,
        null,
        null
      ],
      "/Users/sagarsingh/Desktop/newproject-master/app/helpers/application_helper.rb": [
        1,
        null
      ],
      "/Users/sagarsingh/Desktop/newproject-master/app/helpers/fashionpost_helper.rb": [
        1,
        null
      ],
      "/Users/sagarsingh/Desktop/newproject-master/app/helpers/sessions_helper.rb": [
        1,
        null
      ],
      "/Users/sagarsingh/Desktop/newproject-master/app/helpers/targets_helper.rb": [
        1,
        null
      ],
      "/Users/sagarsingh/Desktop/newproject-master/app/helpers/user_helper.rb": [
        1,
        null
      ],
      "/Users/sagarsingh/Desktop/newproject-master/app/controllers/fashionpost_controller.rb": [
        1,
        1,
        0,
        null,
        null,
        1,
        1,
        null,
        null,
        1,
        0,
        null,
        null,
        1,
        0,
        0,
        null,
        null,
        1,
        0,
        null,
        null,
        null,
        1,
        0,
        null,
        0,
        0,
        null,
        0,
        null,
        null,
        null,
        1,
        0,
        0,
        0,
        0,
        0,
        null,
        0,
        0,
        null,
        null,
        null,
        1,
        0,
        null,
        null,
        null,
        1,
        null,
        null,
        1,
        0,
        null,
        null
      ],
      "/Users/sagarsingh/Desktop/newproject-master/app/controllers/application_controller.rb": [
        1,
        null,
        null,
        1,
        null,
        1,
        null,
        1,
        null,
        null,
        null,
        null,
        1,
        1,
        null,
        null,
        1,
        1,
        1,
        1,
        null,
        null,
        null
      ],
      "/Users/sagarsingh/Desktop/newproject-master/app/controllers/sessions_controller.rb": [
        1,
        null,
        1,
        2,
        null,
        null,
        1,
        2,
        null,
        2,
        1,
        null,
        1,
        1,
        null,
        null,
        1,
        null,
        1,
        null,
        null,
        null,
        1,
        2,
        2,
        2,
        null,
        null,
        null,
        1,
        null,
        1,
        3,
        null,
        null,
        null,
        null,
        null
      ],
      "/Users/sagarsingh/Desktop/newproject-master/app/controllers/targets_controller.rb": [
        1,
        null,
        1,
        null,
        1,
        null,
        null,
        null,
        null
      ],
      "/Users/sagarsingh/Desktop/newproject-master/app/controllers/user_controller.rb": [
        1,
        1,
        1,
        null,
        null,
        1,
        null,
        null,
        1,
        2,
        1,
        1,
        null,
        1,
        1,
        null,
        null,
        null,
        1,
        null,
        1,
        2,
        null,
        null,
        null
      ],
      "/Users/sagarsingh/Desktop/newproject-master/app/models/cat.rb": [
        1,
        1,
        null,
        1,
        1,
        null,
        null,
        1,
        0,
        null,
        null
      ],
      "/Users/sagarsingh/Desktop/newproject-master/app/models/fashionpost.rb": [
        1,
        1,
        1,
        null
      ]
    },
    "timestamp": 1434481595
  }
}
